0 info it worked if it ends with ok
1 verbose cli [ '/usr/local/bin/node',
1 verbose cli   '/usr/local/bin/npm',
1 verbose cli   'install',
1 verbose cli   '-g',
1 verbose cli   'ng-annotate' ]
2 info using npm@2.14.2
3 info using node@v4.0.0
4 verbose install initial load of /usr/local/lib/package.json
5 verbose readDependencies loading dependencies from /usr/local/lib/package.json
6 silly cache add args [ 'ng-annotate', null ]
7 verbose cache add spec ng-annotate
8 silly cache add parsed spec Result {
8 silly cache add   raw: 'ng-annotate',
8 silly cache add   scope: null,
8 silly cache add   name: 'ng-annotate',
8 silly cache add   rawSpec: '',
8 silly cache add   spec: '*',
8 silly cache add   type: 'range' }
9 silly addNamed ng-annotate@*
10 verbose addNamed "*" is a valid semver range for ng-annotate
11 silly addNameRange { name: 'ng-annotate', range: '*', hasData: false }
12 silly mapToRegistry name ng-annotate
13 silly mapToRegistry using default registry
14 silly mapToRegistry registry https://registry.npmjs.org/
15 silly mapToRegistry uri https://registry.npmjs.org/ng-annotate
16 verbose addNameRange registry:https://registry.npmjs.org/ng-annotate not in flight; fetching
17 verbose request uri https://registry.npmjs.org/ng-annotate
18 verbose request no auth needed
19 info attempt registry request try #1 at 12:11:36 AM
20 verbose request id f13ba253ae8cee10
21 http request GET https://registry.npmjs.org/ng-annotate
22 http 200 https://registry.npmjs.org/ng-annotate
23 silly get cb [ 200,
23 silly get   { server: 'CouchDB/1.5.0 (Erlang OTP/R16B03)',
23 silly get     etag: '"DKUB3TKOYOTUKF0LXXVROIIJ2"',
23 silly get     'content-type': 'application/json',
23 silly get     'cache-control': 'max-age=60',
23 silly get     'content-length': '77775',
23 silly get     'accept-ranges': 'bytes',
23 silly get     date: 'Wed, 09 Sep 2015 18:41:38 GMT',
23 silly get     via: '1.1 varnish',
23 silly get     age: '0',
23 silly get     connection: 'keep-alive',
23 silly get     'x-served-by': 'cache-sin6920-SIN',
23 silly get     'x-cache': 'HIT',
23 silly get     'x-cache-hits': '1',
23 silly get     'x-timer': 'S1441824098.071004,VS0,VE214',
23 silly get     vary: 'Accept' } ]
24 verbose get saving ng-annotate to /home/shubham/.npm/registry.npmjs.org/ng-annotate/.cache.json
25 silly addNameRange number 2 { name: 'ng-annotate', range: '*', hasData: true }
26 silly addNameRange versions [ 'ng-annotate',
26 silly addNameRange   [ '0.1.0',
26 silly addNameRange     '0.1.1',
26 silly addNameRange     '0.1.2',
26 silly addNameRange     '0.2.0',
26 silly addNameRange     '0.3.0',
26 silly addNameRange     '0.3.1',
26 silly addNameRange     '0.3.2',
26 silly addNameRange     '0.3.3',
26 silly addNameRange     '0.4.0',
26 silly addNameRange     '0.5.0',
26 silly addNameRange     '0.6.0',
26 silly addNameRange     '0.7.0',
26 silly addNameRange     '0.7.1',
26 silly addNameRange     '0.7.2',
26 silly addNameRange     '0.7.3',
26 silly addNameRange     '0.8.0',
26 silly addNameRange     '0.9.0',
26 silly addNameRange     '0.9.1',
26 silly addNameRange     '0.9.2',
26 silly addNameRange     '0.9.3',
26 silly addNameRange     '0.9.4',
26 silly addNameRange     '0.9.5',
26 silly addNameRange     '0.9.6',
26 silly addNameRange     '0.9.7',
26 silly addNameRange     '0.9.8',
26 silly addNameRange     '0.9.9',
26 silly addNameRange     '0.9.10',
26 silly addNameRange     '0.9.11',
26 silly addNameRange     '0.10.0',
26 silly addNameRange     '0.10.1',
26 silly addNameRange     '0.10.2',
26 silly addNameRange     '0.10.3',
26 silly addNameRange     '0.11.0',
26 silly addNameRange     '0.12.0',
26 silly addNameRange     '0.12.1',
26 silly addNameRange     '0.13.0',
26 silly addNameRange     '0.14.0',
26 silly addNameRange     '0.14.1',
26 silly addNameRange     '0.15.0',
26 silly addNameRange     '0.15.1',
26 silly addNameRange     '0.15.2',
26 silly addNameRange     '0.15.3',
26 silly addNameRange     '0.15.4',
26 silly addNameRange     '1.0.0',
26 silly addNameRange     '1.0.1',
26 silly addNameRange     '1.0.2' ] ]
27 silly addNamed ng-annotate@1.0.2
28 verbose addNamed "1.0.2" is a plain semver version for ng-annotate
29 silly mapToRegistry name ng-annotate
30 silly mapToRegistry using default registry
31 silly mapToRegistry registry https://registry.npmjs.org/
32 silly mapToRegistry uri https://registry.npmjs.org/ng-annotate
33 verbose addRemoteTarball https://registry.npmjs.org/ng-annotate/-/ng-annotate-1.0.2.tgz not in flight; adding
34 verbose addRemoteTarball [ 'https://registry.npmjs.org/ng-annotate/-/ng-annotate-1.0.2.tgz',
34 verbose addRemoteTarball   '5fd42b54bca89dd0d17a9e211c620a4e85e0f8f9' ]
35 info retry fetch attempt 1 at 12:11:39 AM
36 info attempt registry request try #1 at 12:11:39 AM
37 http fetch GET https://registry.npmjs.org/ng-annotate/-/ng-annotate-1.0.2.tgz
38 http fetch 200 https://registry.npmjs.org/ng-annotate/-/ng-annotate-1.0.2.tgz
39 silly fetchAndShaCheck shasum 5fd42b54bca89dd0d17a9e211c620a4e85e0f8f9
40 verbose addTmpTarball /tmp/npm-17459-f120f907/registry.npmjs.org/ng-annotate/-/ng-annotate-1.0.2.tgz not in flight; adding
41 verbose addTmpTarball already have metadata; skipping unpack for ng-annotate@1.0.2
42 silly cache afterAdd ng-annotate@1.0.2
43 verbose afterAdd /home/shubham/.npm/ng-annotate/1.0.2/package/package.json not in flight; writing
44 verbose afterAdd /home/shubham/.npm/ng-annotate/1.0.2/package/package.json written
45 silly install resolved [ { name: 'ng-annotate',
45 silly install resolved     version: '1.0.2',
45 silly install resolved     description: 'add, remove and rebuild angularjs dependency injection annotations',
45 silly install resolved     main: 'build/es5/ng-annotate-main.js',
45 silly install resolved     repository: { type: 'git', url: 'https://github.com/olov/ng-annotate.git' },
45 silly install resolved     dependencies:
45 silly install resolved      { acorn: '~2.1.0',
45 silly install resolved        alter: '~0.2.0',
45 silly install resolved        'convert-source-map': '~1.0.0',
45 silly install resolved        optimist: '~0.6.1',
45 silly install resolved        'ordered-ast-traverse': '~1.1.1',
45 silly install resolved        'simple-fmt': '~0.1.0',
45 silly install resolved        'simple-is': '~0.2.0',
45 silly install resolved        'source-map': '~0.4.2',
45 silly install resolved        stable: '~0.1.5',
45 silly install resolved        stringmap: '~0.2.2',
45 silly install resolved        stringset: '~0.2.1',
45 silly install resolved        tryor: '~0.1.2' },
45 silly install resolved     devDependencies:
45 silly install resolved      { 'coffee-script': '~1.9.1',
45 silly install resolved        defs: '~1.1.0',
45 silly install resolved        diff: '~1.3.1',
45 silly install resolved        'find-line-column': '~0.5.2' },
45 silly install resolved     keywords:
45 silly install resolved      [ 'angular',
45 silly install resolved        'angularjs',
45 silly install resolved        'di',
45 silly install resolved        'dependency',
45 silly install resolved        'injection',
45 silly install resolved        'annotate',
45 silly install resolved        'annotation',
45 silly install resolved        'annotations',
45 silly install resolved        'transformation' ],
45 silly install resolved     scripts: { test: 'node --harmony run-tests' },
45 silly install resolved     bin: { 'ng-annotate': './build/es5/ng-annotate' },
45 silly install resolved     author: { name: 'Olov Lassus', email: 'olov.lassus@gmail.com' },
45 silly install resolved     license: 'MIT',
45 silly install resolved     bugs: { url: 'https://github.com/olov/ng-annotate/issues' },
45 silly install resolved     homepage: 'https://github.com/olov/ng-annotate',
45 silly install resolved     _id: 'ng-annotate@1.0.2',
45 silly install resolved     _shasum: '5fd42b54bca89dd0d17a9e211c620a4e85e0f8f9',
45 silly install resolved     _resolved: 'https://registry.npmjs.org/ng-annotate/-/ng-annotate-1.0.2.tgz',
45 silly install resolved     _from: 'ng-annotate@*',
45 silly install resolved     _npmVersion: '2.7.0',
45 silly install resolved     _nodeVersion: '1.5.1',
45 silly install resolved     _npmUser: { name: 'olov', email: 'olov.lassus@gmail.com' },
45 silly install resolved     maintainers: [ [Object] ],
45 silly install resolved     dist:
45 silly install resolved      { shasum: '5fd42b54bca89dd0d17a9e211c620a4e85e0f8f9',
45 silly install resolved        tarball: 'http://registry.npmjs.org/ng-annotate/-/ng-annotate-1.0.2.tgz' },
45 silly install resolved     directories: {} } ]
46 info install ng-annotate@1.0.2 into /usr/local/lib
47 info installOne ng-annotate@1.0.2
48 verbose installOne of ng-annotate to /usr/local/lib not in flight; installing
49 verbose lock using /home/shubham/.npm/_locks/ng-annotate-c251c5119d91027d.lock for /usr/local/lib/node_modules/ng-annotate
50 silly install write writing ng-annotate 1.0.2 to /usr/local/lib/node_modules/ng-annotate
51 verbose unbuild lib/node_modules/ng-annotate
52 silly gentlyRm /usr/local/lib/node_modules/ng-annotate is being purged from base /usr/local
53 verbose gentlyRm don't care about contents; nuking /usr/local/lib/node_modules/ng-annotate
54 verbose tar unpack /home/shubham/.npm/ng-annotate/1.0.2/package.tgz
55 verbose tar unpacking to /usr/local/lib/node_modules/ng-annotate
56 silly gentlyRm /usr/local/lib/node_modules/ng-annotate is being purged
57 verbose gentlyRm don't care about contents; nuking /usr/local/lib/node_modules/ng-annotate
58 silly gunzTarPerm modes [ '775', '664' ]
59 error tar.unpack untar error /home/shubham/.npm/ng-annotate/1.0.2/package.tgz
60 verbose unlock done using /home/shubham/.npm/_locks/ng-annotate-c251c5119d91027d.lock for /usr/local/lib/node_modules/ng-annotate
61 verbose fstream_path /usr/local/lib/node_modules/ng-annotate
62 verbose fstream_type Directory
63 verbose fstream_class DirWriter
64 verbose stack Error: EACCES: permission denied, mkdir '/usr/local/lib/node_modules/ng-annotate'
64 verbose stack     at Error (native)
65 verbose fstream_stack /usr/local/lib/node_modules/npm/node_modules/fstream/lib/dir-writer.js:35:25
65 verbose fstream_stack /usr/local/lib/node_modules/npm/node_modules/mkdirp/index.js:47:53
65 verbose fstream_stack FSReqWrap.oncomplete (fs.js:82:15)
66 verbose cwd /home/shubham/Desktop/zopky-frontend/zopky-frontend
67 error Linux 3.16.0-45-generic
68 error argv "/usr/local/bin/node" "/usr/local/bin/npm" "install" "-g" "ng-annotate"
69 error node v4.0.0
70 error npm  v2.14.2
71 error path /usr/local/lib/node_modules/ng-annotate
72 error code EACCES
73 error errno -13
74 error syscall mkdir
75 error Error: EACCES: permission denied, mkdir '/usr/local/lib/node_modules/ng-annotate'
75 error     at Error (native)
75 error  { [Error: EACCES: permission denied, mkdir '/usr/local/lib/node_modules/ng-annotate']
75 error   errno: -13,
75 error   code: 'EACCES',
75 error   syscall: 'mkdir',
75 error   path: '/usr/local/lib/node_modules/ng-annotate',
75 error   fstream_type: 'Directory',
75 error   fstream_path: '/usr/local/lib/node_modules/ng-annotate',
75 error   fstream_class: 'DirWriter',
75 error   fstream_stack:
75 error    [ '/usr/local/lib/node_modules/npm/node_modules/fstream/lib/dir-writer.js:35:25',
75 error      '/usr/local/lib/node_modules/npm/node_modules/mkdirp/index.js:47:53',
75 error      'FSReqWrap.oncomplete (fs.js:82:15)' ] }
76 error Please try running this command again as root/Administrator.
77 verbose exit [ -13, true ]
78 verbose unbuild lib/node_modules/ng-annotate
79 silly gentlyRm /usr/local/lib/node_modules/ng-annotate is being purged from base /usr/local
80 verbose gentlyRm don't care about contents; nuking /usr/local/lib/node_modules/ng-annotate
